-------------------------------------------------------------------------------
Test set: demo.ApplicationTests
-------------------------------------------------------------------------------
Tests run: 1, Failures: 0, Errors: 1, Skipped: 0, Time elapsed: 0.248 s <<< FAILURE! - in demo.ApplicationTests
demo.ApplicationTests  Time elapsed: 0.238 s  <<< ERROR!
java.lang.IllegalStateException: Unable to find a @SpringBootConfiguration, you need to use @ContextConfiguration or @SpringBootTest(classes=...) with your test

